Aug-04 07:11:35.461 [main] DEBUG nextflow.cli.Launcher - $> nextflow run main.nf --outDir results/ -resume
Aug-04 07:11:35.535 [main] INFO  nextflow.cli.CmdRun - N E X T F L O W  ~  version 22.04.3
Aug-04 07:11:35.552 [main] DEBUG nextflow.config.ConfigBuilder - Found config local: /home/ubuntu/PIPE-2988-ALS_StructuralV/Nextflow_DSL2_template/nextflow.config
Aug-04 07:11:35.553 [main] DEBUG nextflow.config.ConfigBuilder - Parsing config file: /home/ubuntu/PIPE-2988-ALS_StructuralV/Nextflow_DSL2_template/nextflow.config
Aug-04 07:11:35.575 [main] DEBUG nextflow.config.ConfigBuilder - Applying config profile: `standard`
Aug-04 07:11:36.177 [main] DEBUG nextflow.cli.CmdRun - Applied DSL=2 from script declararion
Aug-04 07:11:36.192 [main] INFO  nextflow.cli.CmdRun - Launching `main.nf` [special_bartik] DSL2 - revision: b24f3d63a8
Aug-04 07:11:36.203 [main] DEBUG nextflow.plugin.PluginsFacade - Setting up plugin manager > mode=prod; plugins-dir=/home/ubuntu/.nextflow/plugins; core-plugins: nf-amazon@1.7.2,nf-azure@0.13.2,nf-console@1.0.3,nf-ga4gh@1.0.3,nf-google@1.1.4,nf-sqldb@0.4.0,nf-tower@1.4.0
Aug-04 07:11:36.205 [main] DEBUG nextflow.plugin.PluginsFacade - Plugins default=[]
Aug-04 07:11:36.214 [main] INFO  org.pf4j.DefaultPluginStatusProvider - Enabled plugins: []
Aug-04 07:11:36.215 [main] INFO  org.pf4j.DefaultPluginStatusProvider - Disabled plugins: []
Aug-04 07:11:36.218 [main] INFO  org.pf4j.DefaultPluginManager - PF4J version 3.4.1 in 'deployment' mode
Aug-04 07:11:36.226 [main] INFO  org.pf4j.AbstractPluginManager - No plugins
Aug-04 07:11:36.273 [main] DEBUG nextflow.Session - Session uuid: e76c4587-f577-4264-b7ab-ec56663c99d2
Aug-04 07:11:36.273 [main] DEBUG nextflow.Session - Run name: special_bartik
Aug-04 07:11:36.274 [main] DEBUG nextflow.Session - Executor pool size: 16
Aug-04 07:11:36.303 [main] DEBUG nextflow.cli.CmdRun - 
  Version: 22.04.3 build 5703
  Created: 18-05-2022 19:22 UTC 
  System: Linux 5.4.0-110-generic
  Runtime: Groovy 3.0.10 on OpenJDK 64-Bit Server VM 11.0.15+10-Ubuntu-0ubuntu0.20.04.1
  Encoding: UTF-8 (UTF-8)
  Process: 301008@svanalysis [127.0.1.1]
  CPUs: 16 - Mem: 62.8 GB (559.5 MB) - Swap: 0 (0)
Aug-04 07:11:36.330 [main] DEBUG nextflow.Session - Work-dir: /home/ubuntu/PIPE-2988-ALS_StructuralV/Nextflow_DSL2_template/work [ext2/ext3]
Aug-04 07:11:36.331 [main] DEBUG nextflow.Session - Script base path does not exist or is not a directory: /home/ubuntu/PIPE-2988-ALS_StructuralV/Nextflow_DSL2_template/bin
Aug-04 07:11:36.339 [main] DEBUG nextflow.executor.ExecutorFactory - Extension executors providers=[]
Aug-04 07:11:36.349 [main] DEBUG nextflow.Session - Observer factory: DefaultObserverFactory
Aug-04 07:11:36.369 [main] DEBUG nextflow.cache.CacheFactory - Using Nextflow cache factory: nextflow.cache.DefaultCacheFactory
Aug-04 07:11:36.379 [main] DEBUG nextflow.util.CustomThreadPool - Creating default thread pool > poolSize: 17; maxThreads: 1000
Aug-04 07:11:36.481 [main] DEBUG nextflow.Session - Session start invoked
Aug-04 07:11:36.713 [main] DEBUG nextflow.script.ScriptRunner - > Launching execution
Aug-04 07:11:36.958 [main] INFO  nextflow.Nextflow - 
      ============================================
      ============================================
         N A M E  O F  Y O U R  P I P E L I N E 
      ============================================
      ============================================

 -._    _.--'"`'--._    _.--'"`'--._    _.--'"`'--._    _  
    '-:`.'|`|"':-.  '-:`.'|`|"':-.  '-:`.'|`|"':-.  '.` :    
  '.  '.  | |  | |'.  '.  | |  | |'.  '.  | |  | |'.  '.:    
  : '.  '.| |  | |  '.  '.| |  | |  '.  '.| |  | |  '.  '.  
  '   '.  `.:_ | :_.' '.  `.:_ | :_.' '.  `.:_ | :_.' '.  `.  
         `-..,..-'       `-..,..-'       `-..,..-'       `       


                ~~~~ Version: 1.0 ~~~~
 

 Created by the Sydney Informatics Hub, University of Sydney

 Find documentation and more info @ GITHUB REPO DOT COM

 Cite this pipeline @ INSERT DOI

 Log issues @ GITHUB REPO DOT COM

 All of the default parameters are set in `nextflow.config`
 
 
Aug-04 07:11:36.962 [main] DEBUG nextflow.Session - Session aborted -- Cause: A process with name 'workflow_1_1' is already defined in the current context
Aug-04 07:11:36.975 [main] ERROR nextflow.cli.Launcher - @unknown
nextflow.exception.DuplicateModuleIncludeException: A process with name 'workflow_1_1' is already defined in the current context
	at nextflow.script.ScriptMeta.addModule0(ScriptMeta.groovy:279)
	at nextflow.script.ScriptMeta.addModule(ScriptMeta.groovy:265)
	at nextflow.script.ScriptMeta.addModule(ScriptMeta.groovy:255)
	at nextflow.script.IncludeDef.load0(IncludeDef.groovy:117)
	at nextflow.script.IncludeDef$load0$1.call(Unknown Source)
	at org.codehaus.groovy.runtime.callsite.CallSiteArray.defaultCall(CallSiteArray.java:47)
	at org.codehaus.groovy.runtime.callsite.AbstractCallSite.call(AbstractCallSite.java:125)
	at org.codehaus.groovy.runtime.callsite.AbstractCallSite.call(AbstractCallSite.java:139)
	at Script_230f97ed.runScript(Script_230f97ed:81)
	at nextflow.script.BaseScript.runDsl2(BaseScript.groovy:170)
	at nextflow.script.BaseScript.run(BaseScript.groovy:217)
	at nextflow.script.ScriptParser.runScript(ScriptParser.groovy:220)
	at nextflow.script.ScriptRunner.run(ScriptRunner.groovy:212)
	at nextflow.script.ScriptRunner.execute(ScriptRunner.groovy:120)
	at nextflow.cli.CmdRun.run(CmdRun.groovy:337)
	at nextflow.cli.Launcher.run(Launcher.groovy:480)
	at nextflow.cli.Launcher.main(Launcher.groovy:639)
